Arguments: 
  /Users/andrewtelkamp/.nvm/versions/node/v14.21.2/bin/node /opt/homebrew/Cellar/yarn/1.22.19/libexec/bin/yarn.js add @types/linebyline

PATH: 
  /Users/andrewtelkamp/.nvm/versions/node/v14.21.2/bin:/opt/homebrew/bin:/opt/homebrew/sbin:/usr/local/bin:/usr/bin:/bin:/usr/sbin:/sbin:/Library/Apple/usr/bin:/Users/andrewtelkamp/.nvm/versions/node/v14.21.2/bin:/opt/homebrew/bin:/opt/homebrew/sbin:/Users/andrewtelkamp/Library/Android/sdk/platform-tools:/Users/andrewtelkamp/Library/Android/sdk/emulator:/Users/andrewtelkamp/Library/Android/sdk/tools:/Users/andrewtelkamp/Library/Android/sdk/tools/bin:/Users/andrewtelkamp/Library/Android/sdk/platform-tools:/Users/andrewtelkamp/Library/Android/sdk/emulator:/Users/andrewtelkamp/Library/Android/sdk/tools:/Users/andrewtelkamp/Library/Android/sdk/tools/bin:/Users/andrewtelkamp/Library/Android/sdk/platform-tools:/Users/andrewtelkamp/dev/task-tracker

Yarn version: 
  1.22.19

Node version: 
  14.21.2

Platform: 
  darwin arm64

Trace: 
  Error: https://registry.yarnpkg.com/@types%2flinebyline: Not found
      at Request.params.callback [as _callback] (/opt/homebrew/Cellar/yarn/1.22.19/libexec/lib/cli.js:66145:18)
      at Request.self.callback (/opt/homebrew/Cellar/yarn/1.22.19/libexec/lib/cli.js:140890:22)
      at Request.emit (events.js:400:28)
      at Request.<anonymous> (/opt/homebrew/Cellar/yarn/1.22.19/libexec/lib/cli.js:141862:10)
      at Request.emit (events.js:400:28)
      at IncomingMessage.<anonymous> (/opt/homebrew/Cellar/yarn/1.22.19/libexec/lib/cli.js:141784:12)
      at Object.onceWrapper (events.js:519:28)
      at IncomingMessage.emit (events.js:412:35)
      at endReadableNT (internal/streams/readable.js:1333:12)
      at processTicksAndRejections (internal/process/task_queues.js:82:21)

npm manifest: 
  {
    "name": "task-tracker",
    "version": "1.0.0",
    "description": "",
    "main": "task.js",
    "scripts": {
      "test": "echo \"Error: no test specified\" && exit 1"
    },
    "repository": {
      "type": "git",
      "url": "git+https://github.com/AndrewTelkamp/task-tracker.git"
    },
    "keywords": [],
    "author": "",
    "license": "ISC",
    "bugs": {
      "url": "https://github.com/AndrewTelkamp/task-tracker/issues"
    },
    "homepage": "https://github.com/AndrewTelkamp/task-tracker#readme",
    "dependencies": {
      "fs": "^0.0.1-security",
      "linebyline": "^1.3.0",
      "path": "^0.12.7",
      "readline": "^1.3.0"
    },
    "devDependencies": {
      "@types/node": "^18.15.10"
    }
  }

yarn manifest: 
  No manifest

Lockfile: 
  # THIS IS AN AUTOGENERATED FILE. DO NOT EDIT THIS FILE DIRECTLY.
  # yarn lockfile v1
  
  
  "@types/node@^18.15.10":
    version "18.15.10"
    resolved "https://registry.yarnpkg.com/@types/node/-/node-18.15.10.tgz#4ee2171c3306a185d1208dad5f44dae3dee4cfe3"
    integrity sha512-9avDaQJczATcXgfmMAW3MIWArOO7A+m90vuCFLr8AotWf8igO/mRoYukrk2cqZVtv38tHs33retzHEilM7FpeQ==
  
  fs@^0.0.1-security:
    version "0.0.1-security"
    resolved "https://registry.yarnpkg.com/fs/-/fs-0.0.1-security.tgz#8a7bd37186b6dddf3813f23858b57ecaaf5e41d4"
    integrity sha512-3XY9e1pP0CVEUCdj5BmfIZxRBTSDycnbqhIOGec9QYtmVH2fbLpj86CFWkrNOkt/Fvty4KZG5lTglL9j/gJ87w==
  
  inherits@2.0.3:
    version "2.0.3"
    resolved "https://registry.yarnpkg.com/inherits/-/inherits-2.0.3.tgz#633c2c83e3da42a502f52466022480f4208261de"
    integrity sha512-x00IRNXNy63jwGkJmzPigoySHbaqpNuzKbBOmzK+g2OdZpQ9w+sxCN+VSB3ja7IAge2OP2qpfxTjeNcyjmW1uw==
  
  linebyline@^1.3.0:
    version "1.3.0"
    resolved "https://registry.yarnpkg.com/linebyline/-/linebyline-1.3.0.tgz#6ef54ceab832d23f7841ed2f296fe9b2f6dade94"
    integrity sha512-3fpIYMrSU77OCf89hjXKuCx6vGwgWEu4N5DDCGqgZ1BF0HYy9V8IbQb/3+VWIU17iBQ83qQoUokH0AhPMOTi7w==
  
  path@^0.12.7:
    version "0.12.7"
    resolved "https://registry.yarnpkg.com/path/-/path-0.12.7.tgz#d4dc2a506c4ce2197eb481ebfcd5b36c0140b10f"
    integrity sha512-aXXC6s+1w7otVF9UletFkFcDsJeO7lSZBPUQhtb5O0xJe8LtYhj/GxldoL09bBj9+ZmE2hNoHqQSFMN5fikh4Q==
    dependencies:
      process "^0.11.1"
      util "^0.10.3"
  
  process@^0.11.1:
    version "0.11.10"
    resolved "https://registry.yarnpkg.com/process/-/process-0.11.10.tgz#7332300e840161bda3e69a1d1d91a7d4bc16f182"
    integrity sha512-cdGef/drWFoydD1JsMzuFf8100nZl+GT+yacc2bEced5f9Rjk4z+WtFUTBu9PhOi9j/jfmBPu0mMEY4wIdAF8A==
  
  readline@^1.3.0:
    version "1.3.0"
    resolved "https://registry.yarnpkg.com/readline/-/readline-1.3.0.tgz#c580d77ef2cfc8752b132498060dc9793a7ac01c"
    integrity sha512-k2d6ACCkiNYz222Fs/iNze30rRJ1iIicW7JuX/7/cozvih6YCkFZH+J6mAFDVgv0dRBaAyr4jDqC95R2y4IADg==
  
  util@^0.10.3:
    version "0.10.4"
    resolved "https://registry.yarnpkg.com/util/-/util-0.10.4.tgz#3aa0125bfe668a4672de58857d3ace27ecb76901"
    integrity sha512-0Pm9hTQ3se5ll1XihRic3FDIku70C+iHUdT/W926rSgHV5QgXsYbKZN8MSC3tJtSkhuROzvsQjAaFENRXr+19A==
    dependencies:
      inherits "2.0.3"
